

Version:	3.50
CmdLine:	C:\Users\gudrb\OneDrive\Desktop\°łąß°řşÎ\Makathon-portfolio\PacMan.exe --l4j-debug
JNI:		No
WOW64:		Yes
Working dir:	C:\Users\gudrb\OneDrive\Desktop\°łąß°řşÎ\Makathon-portfolio\.
Requires JDK:	No
Requires 64-Bit: No
Java min ver:	1.008.000
Java max ver:	
Substitute:	JAVA_HOME = 
Substitute:	PATH = C:\Program Files\Common Files\Oracle\Java\javapath;C:\Program Files (x86)\Common Files\Oracle\Java\java8path;C:\Program Files (x86)\Common Files\Oracle\Java\javapath;C:\WINDOWS\system32;C:\WINDOWS;C:\WINDOWS\System32\Wbem;C:\WINDOWS\System32\WindowsPowerShell\v1.0\;C:\WINDOWS\System32\OpenSSH\;C:\Program Files\NVIDIA Corporation\NVIDIA App\NvDLISR;C:\Program Files (x86)\NVIDIA Corporation\PhysX\Common;C:\Program Files\Git\cmd;C:\Users\gudrb\AppData\Local\Microsoft\WindowsApps;;C:\Users\gudrb\AppData\Local\SOOP;C:\Users\gudrb\AppData\Local\Programs\Microsoft VS Code\bin;C:\Program Files\Java\jre1.8.0_471\bin
JRE paths:	;C:\Program Files\Common Files\Oracle\Java\javapath;C:\Program Files (x86)\Common Files\Oracle\Java\java8path;C:\Program Files (x86)\Common Files\Oracle\Java\javapath;C:\WINDOWS\system32;C:\WINDOWS;C:\WINDOWS\System32\Wbem;C:\WINDOWS\System32\WindowsPowerShell\v1.0\;C:\WINDOWS\System32\OpenSSH\;C:\Program Files\NVIDIA Corporation\NVIDIA App\NvDLISR;C:\Program Files (x86)\NVIDIA Corporation\PhysX\Common;C:\Program Files\Git\cmd;C:\Users\gudrb\AppData\Local\Microsoft\WindowsApps;;C:\Users\gudrb\AppData\Local\SOOP;C:\Users\gudrb\AppData\Local\Programs\Microsoft VS Code\bin;C:\Program Files\Java\jre1.8.0_471\bin
Check launcher:	C:\Program Files\Common Files\Oracle\Java\javapath\bin\javaw.exe (not found)
Check launcher:	C:\Program Files (x86)\Common Files\Oracle\Java\java8path\bin\javaw.exe (not found)
Check launcher:	C:\Program Files (x86)\Common Files\Oracle\Java\javapath\bin\javaw.exe (not found)
Check launcher:	C:\WINDOWS\system32\bin\javaw.exe (not found)
Check launcher:	C:\WINDOWS\bin\javaw.exe (not found)
Check launcher:	C:\WINDOWS\System32\Wbem\bin\javaw.exe (not found)
Check launcher:	C:\WINDOWS\System32\WindowsPowerShell\v1.0\bin\javaw.exe (not found)
Check launcher:	C:\WINDOWS\System32\OpenSSH\bin\javaw.exe (not found)
Check launcher:	C:\Program Files\NVIDIA Corporation\NVIDIA App\NvDLISR\bin\javaw.exe (not found)
Check launcher:	C:\Program Files (x86)\NVIDIA Corporation\PhysX\Common\bin\javaw.exe (not found)
Check launcher:	C:\Program Files\Git\cmd\bin\javaw.exe (not found)
Check launcher:	C:\Users\gudrb\AppData\Local\Microsoft\WindowsApps\bin\javaw.exe (not found)
Check launcher:	C:\Users\gudrb\AppData\Local\SOOP\bin\javaw.exe (not found)
Check launcher:	C:\Users\gudrb\AppData\Local\Programs\Microsoft VS Code\bin\javaw.exe (not found)
Check launcher:	C:\Program Files\Java\jre1.8.0_471\bin\javaw.exe (OK)
Version string: 1.008.000_471 / 64-Bit (OK)
Launcher:	C:\Program Files\Java\jre1.8.0_471\bin\javaw.exe
Launcher args:	-jar "C:\Users\gudrb\OneDrive\Desktop\°łąß°řşÎ\Makathon-portfolio\PacMan.exe"
Args length:	77/32768 chars
Exit code:	0


Version:	3.50
CmdLine:	C:\Users\gudrb\OneDrive\Desktop\°łąß°řşÎ\Makathon-portfolio\PacMan.exe --l4j-debug
JNI:		No
WOW64:		Yes
Working dir:	C:\Users\gudrb\OneDrive\Desktop\°łąß°řşÎ\Makathon-portfolio\.
Requires JDK:	No
Requires 64-Bit: No
Java min ver:	1.008.000
Java max ver:	
Substitute:	JAVA_HOME = 
Substitute:	PATH = C:\Program Files\Common Files\Oracle\Java\javapath;C:\Program Files (x86)\Common Files\Oracle\Java\java8path;C:\Program Files (x86)\Common Files\Oracle\Java\javapath;C:\WINDOWS\system32;C:\WINDOWS;C:\WINDOWS\System32\Wbem;C:\WINDOWS\System32\WindowsPowerShell\v1.0\;C:\WINDOWS\System32\OpenSSH\;C:\Program Files\NVIDIA Corporation\NVIDIA App\NvDLISR;C:\Program Files (x86)\NVIDIA Corporation\PhysX\Common;C:\Program Files\Git\cmd;C:\Users\gudrb\AppData\Local\Microsoft\WindowsApps;;C:\Users\gudrb\AppData\Local\SOOP;C:\Users\gudrb\AppData\Local\Programs\Microsoft VS Code\bin;C:\Program Files\Java\jre1.8.0_471\bin
JRE paths:	;C:\Program Files\Common Files\Oracle\Java\javapath;C:\Program Files (x86)\Common Files\Oracle\Java\java8path;C:\Program Files (x86)\Common Files\Oracle\Java\javapath;C:\WINDOWS\system32;C:\WINDOWS;C:\WINDOWS\System32\Wbem;C:\WINDOWS\System32\WindowsPowerShell\v1.0\;C:\WINDOWS\System32\OpenSSH\;C:\Program Files\NVIDIA Corporation\NVIDIA App\NvDLISR;C:\Program Files (x86)\NVIDIA Corporation\PhysX\Common;C:\Program Files\Git\cmd;C:\Users\gudrb\AppData\Local\Microsoft\WindowsApps;;C:\Users\gudrb\AppData\Local\SOOP;C:\Users\gudrb\AppData\Local\Programs\Microsoft VS Code\bin;C:\Program Files\Java\jre1.8.0_471\bin
Check launcher:	C:\Program Files\Common Files\Oracle\Java\javapath\bin\javaw.exe (not found)
Check launcher:	C:\Program Files (x86)\Common Files\Oracle\Java\java8path\bin\javaw.exe (not found)
Check launcher:	C:\Program Files (x86)\Common Files\Oracle\Java\javapath\bin\javaw.exe (not found)
Check launcher:	C:\WINDOWS\system32\bin\javaw.exe (not found)
Check launcher:	C:\WINDOWS\bin\javaw.exe (not found)
Check launcher:	C:\WINDOWS\System32\Wbem\bin\javaw.exe (not found)
Check launcher:	C:\WINDOWS\System32\WindowsPowerShell\v1.0\bin\javaw.exe (not found)
Check launcher:	C:\WINDOWS\System32\OpenSSH\bin\javaw.exe (not found)
Check launcher:	C:\Program Files\NVIDIA Corporation\NVIDIA App\NvDLISR\bin\javaw.exe (not found)
Check launcher:	C:\Program Files (x86)\NVIDIA Corporation\PhysX\Common\bin\javaw.exe (not found)
Check launcher:	C:\Program Files\Git\cmd\bin\javaw.exe (not found)
Check launcher:	C:\Users\gudrb\AppData\Local\Microsoft\WindowsApps\bin\javaw.exe (not found)
Check launcher:	C:\Users\gudrb\AppData\Local\SOOP\bin\javaw.exe (not found)
Check launcher:	C:\Users\gudrb\AppData\Local\Programs\Microsoft VS Code\bin\javaw.exe (not found)
Check launcher:	C:\Program Files\Java\jre1.8.0_471\bin\javaw.exe (OK)
Version string: 1.008.000_471 / 64-Bit (OK)
Launcher:	C:\Program Files\Java\jre1.8.0_471\bin\javaw.exe
Launcher args:	-jar "C:\Users\gudrb\OneDrive\Desktop\°łąß°řşÎ\Makathon-portfolio\PacMan.exe"
Args length:	77/32768 chars
Exit code:	0
